#
# There is insufficient memory for the Java Runtime Environment to continue.
# Native memory allocation (malloc) failed to allocate 221696 bytes for Chunk::new
# Possible reasons:
#   The system is out of physical RAM or swap space
#   In 32 bit mode, the process size limit was hit
# Possible solutions:
#   Reduce memory load on the system
#   Increase physical memory or swap space
#   Check if swap backing store is full
#   Use 64 bit Java on a 64 bit OS
#   Decrease Java heap size (-Xmx/-Xms)
#   Decrease number of Java threads
#   Decrease Java thread stack sizes (-Xss)
#   Set larger code cache with -XX:ReservedCodeCacheSize=
# This output file may be truncated or incomplete.
#
#  Out of Memory Error (allocation.cpp:390), pid=5320, tid=0x0000000000001c70
#
# JRE version: Java(TM) SE Runtime Environment (8.0_191-b12) (build 1.8.0_191-b12)
# Java VM: Java HotSpot(TM) 64-Bit Server VM (25.191-b12 mixed mode windows-amd64 compressed oops)
# Failed to write core dump. Minidumps are not enabled by default on client versions of Windows
#

---------------  T H R E A D  ---------------

Current thread (0x00000000183d5800):  JavaThread "C2 CompilerThread0" daemon [_thread_in_native, id=7280, stack(0x00000000198c0000,0x00000000199c0000)]

Stack: [0x00000000198c0000,0x00000000199c0000]
[error occurred during error reporting (printing stack bounds), id 0xc0000005]

Native frames: (J=compiled Java code, j=interpreted, Vv=VM code, C=native code)


Current CompileTask:
C2: 327078 12058   !   4       sun.nio.ch.IOUtil::write (142 bytes)


---------------  P R O C E S S  ---------------

Java Threads: ( => current thread )
  0x0000000028c82000 JavaThread "Thread-123" [_thread_in_native, id=3228, stack(0x00000000283d0000,0x00000000284d0000)]
  0x0000000028c83800 JavaThread "RMI TCP Connection(idle)" daemon [_thread_blocked, id=4564, stack(0x000000002a310000,0x000000002a410000)]
  0x0000000028c77800 JavaThread "RMI RenewClean-[127.0.0.1:17071,org.jetbrains.kotlin.daemon.common.LoopbackNetworkInterface$ClientLoopbackSocketFactory@39bbe110]" daemon [_thread_blocked, id=9244, stack(0x000000002a0a0000,0x000000002a1a0000)]
  0x0000000028c7a800 JavaThread "WorkerExecutor Queue Thread 3" [_thread_blocked, id=12340, stack(0x000000002a210000,0x000000002a310000)]
  0x0000000028c7a000 JavaThread "stdout" [_thread_in_native, id=1348, stack(0x0000000029fa0000,0x000000002a0a0000)]
  0x0000000028c7d800 JavaThread "stderr" [_thread_in_native, id=18544, stack(0x0000000029ea0000,0x0000000029fa0000)]
  0x0000000028c7b800 JavaThread "stdout" [_thread_in_native, id=10128, stack(0x0000000029da0000,0x0000000029ea0000)]
  0x0000000028c7d000 JavaThread "stderr" [_thread_in_native, id=18640, stack(0x0000000029ca0000,0x0000000029da0000)]
  0x0000000028c7e800 JavaThread "pool-6-thread-1" [_thread_blocked, id=17812, stack(0x00000000284d0000,0x00000000285d0000)]
  0x0000000028c78800 JavaThread "WorkerExecutor Queue" [_thread_blocked, id=12204, stack(0x00000000282d0000,0x00000000283d0000)]
  0x0000000028c79000 JavaThread "Cache worker for execution history cache (E:\Liaotianyeumian\.gradle\5.6.4\executionHistory)" [_thread_blocked, id=888, stack(0x00000000281d0000,0x00000000282d0000)]
  0x0000000028c75800 JavaThread "Execution worker for ':' Thread 11" [_thread_blocked, id=15512, stack(0x00000000280d0000,0x00000000281d0000)]
  0x0000000028c77000 JavaThread "Execution worker for ':' Thread 10" [_thread_blocked, id=10520, stack(0x0000000027dd0000,0x0000000027ed0000)]
  0x000000001bcb8000 JavaThread "Execution worker for ':' Thread 9" [_thread_blocked, id=640, stack(0x0000000027bd0000,0x0000000027cd0000)]
  0x000000001bcb6800 JavaThread "Execution worker for ':' Thread 8" [_thread_blocked, id=10844, stack(0x0000000027380000,0x0000000027480000)]
  0x000000001bcb6000 JavaThread "Execution worker for ':' Thread 7" [_thread_in_native, id=5236, stack(0x0000000027280000,0x0000000027380000)]
  0x0000000020a88000 JavaThread "Execution worker for ':' Thread 6" [_thread_blocked, id=17304, stack(0x0000000027180000,0x0000000027280000)]
  0x0000000020a86800 JavaThread "Execution worker for ':' Thread 5" [_thread_blocked, id=14320, stack(0x0000000027080000,0x0000000027180000)]
  0x0000000020a86000 JavaThread "Execution worker for ':' Thread 4" [_thread_blocked, id=17588, stack(0x0000000026f80000,0x0000000027080000)]
  0x0000000020a87800 JavaThread "Execution worker for ':' Thread 3" [_thread_blocked, id=17640, stack(0x0000000026e80000,0x0000000026f80000)]
  0x0000000020a85000 JavaThread "Execution worker for ':' Thread 2" [_thread_blocked, id=19148, stack(0x0000000026d80000,0x0000000026e80000)]
  0x0000000020a84800 JavaThread "Execution worker for ':'" [_thread_blocked, id=18264, stack(0x0000000026c80000,0x0000000026d80000)]
  0x0000000020a83800 JavaThread "Cache worker for file content cache (E:\Liaotianyeumian\.gradle\5.6.4\fileContent)" [_thread_blocked, id=15616, stack(0x0000000026780000,0x0000000026880000)]
  0x0000000020a7c000 JavaThread "Cache worker for Build Output Cleanup Cache (E:\Liaotianyeumian\.gradle\buildOutputCleanup)" [_thread_blocked, id=8280, stack(0x0000000025fa0000,0x00000000260a0000)]
  0x0000000020a83000 JavaThread "Build operations Thread 12" [_thread_blocked, id=17692, stack(0x0000000023e10000,0x0000000023f10000)]
  0x0000000020a7b800 JavaThread "Build operations Thread 11" [_thread_blocked, id=14340, stack(0x0000000023b10000,0x0000000023c10000)]
  0x0000000020a82000 JavaThread "Build operations Thread 10" [_thread_blocked, id=16976, stack(0x0000000023a10000,0x0000000023b10000)]
  0x0000000020a7a800 JavaThread "Build operations Thread 9" [_thread_blocked, id=13004, stack(0x0000000023910000,0x0000000023a10000)]
  0x0000000020a81800 JavaThread "Build operations Thread 8" [_thread_blocked, id=14184, stack(0x0000000023810000,0x0000000023910000)]
  0x0000000020a7a000 JavaThread "Build operations Thread 7" [_thread_blocked, id=18080, stack(0x0000000023710000,0x0000000023810000)]
  0x0000000020a7d800 JavaThread "Build operations Thread 6" [_thread_blocked, id=15300, stack(0x0000000023610000,0x0000000023710000)]
  0x000000001c3ec800 JavaThread "Build operations Thread 5" [_thread_blocked, id=1944, stack(0x0000000023510000,0x0000000023610000)]
  0x000000001c3ec000 JavaThread "Build operations Thread 4" [_thread_blocked, id=17940, stack(0x0000000023410000,0x0000000023510000)]
  0x000000001c3ed800 JavaThread "Build operations Thread 3" [_thread_blocked, id=4088, stack(0x0000000023310000,0x0000000023410000)]
  0x000000001c3eb000 JavaThread "Build operations Thread 2" [_thread_blocked, id=13232, stack(0x0000000023210000,0x0000000023310000)]
  0x000000001c3ee000 JavaThread "Build operations" [_thread_blocked, id=8888, stack(0x0000000021770000,0x0000000021870000)]
  0x000000001c3ef000 JavaThread "Cache worker for cache directory md-rule (C:\Users\xiao\.gradle\caches\5.6.4\md-rule)" [_thread_blocked, id=14432, stack(0x000000001ffb0000,0x00000000200b0000)]
  0x000000001c3e3000 JavaThread "Cache worker for cache directory md-supplier (C:\Users\xiao\.gradle\caches\5.6.4\md-supplier)" [_thread_blocked, id=124, stack(0x000000001fcb0000,0x000000001fdb0000)]
  0x000000001c3e9800 JavaThread "Cache worker for file hash cache (E:\Liaotianyeumian\.gradle\5.6.4\fileHashes)" [_thread_blocked, id=17804, stack(0x000000001d310000,0x000000001d410000)]
  0x000000001c3e2000 JavaThread "Thread-89" [_thread_blocked, id=18004, stack(0x000000001d210000,0x000000001d310000)]
  0x000000001c3e9000 JavaThread "Stdin handler" [_thread_blocked, id=16700, stack(0x000000001d010000,0x000000001d110000)]
  0x000000001c3e1800 JavaThread "Asynchronous log dispatcher for DefaultDaemonConnection: socket connection from /127.0.0.1:49253 to /127.0.0.1:49843" [_thread_blocked, id=11296, stack(0x000000001cd10000,0x000000001ce10000)]
  0x000000001c3e8000 JavaThread "Daemon worker Thread 3" [_thread_blocked, id=16232, stack(0x000000001cc10000,0x000000001cd10000)]
  0x000000001c3e7800 JavaThread "Cancel handler" [_thread_blocked, id=17432, stack(0x0000000000c80000,0x0000000000d80000)]
  0x000000001c3e5000 JavaThread "Handler for socket connection from /127.0.0.1:49253 to /127.0.0.1:49843" [_thread_in_native, id=14984, stack(0x0000000000b80000,0x0000000000c80000)]
  0x000000001c3e6000 JavaThread "Daemon Thread 3" [_thread_blocked, id=8940, stack(0x0000000000a80000,0x0000000000b80000)]
  0x0000000020a80800 JavaThread "RMI Reaper" [_thread_blocked, id=8584, stack(0x0000000029ba0000,0x0000000029ca0000)]
  0x0000000020a7d000 JavaThread "RMI TCP Accept-0" daemon [_thread_in_native, id=10304, stack(0x0000000029aa0000,0x0000000029ba0000)]
  0x0000000020a79000 JavaThread "GC Daemon" daemon [_thread_blocked, id=9888, stack(0x00000000299a0000,0x0000000029aa0000)]
  0x0000000020a80000 JavaThread "RMI RenewClean-[127.0.0.1:17071,org.jetbrains.kotlin.daemon.common.LoopbackNetworkInterface$ClientLoopbackSocketFactory@7ebacd97]" daemon [_thread_blocked, id=11340, stack(0x00000000298a0000,0x00000000299a0000)]
  0x0000000020a7f000 JavaThread "RMI Scheduler(0)" daemon [_thread_blocked, id=16092, stack(0x00000000297a0000,0x00000000298a0000)]
  0x000000001c3e6800 JavaThread "Cache worker for file content cache (C:\Users\xiao\.gradle\caches\5.6.4\fileContent)" [_thread_blocked, id=19272, stack(0x0000000025ea0000,0x0000000025fa0000)]
  0x000000001c3e4800 JavaThread "Memory manager" [_thread_blocked, id=18340, stack(0x0000000024570000,0x0000000024670000)]
  0x000000001bcb9000 JavaThread "Cache worker for execution history cache (C:\Users\xiao\.gradle\caches\5.6.4\executionHistory)" [_thread_blocked, id=15252, stack(0x0000000022aa0000,0x0000000022ba0000)]
  0x000000001bcba800 JavaThread "Cache worker for journal cache (C:\Users\xiao\.gradle\caches\journal-1)" [_thread_blocked, id=15724, stack(0x000000001da10000,0x000000001db10000)]
  0x000000001bcb7800 JavaThread "File lock request listener" [_thread_in_native, id=17684, stack(0x000000001d910000,0x000000001da10000)]
  0x000000001bcb4800 JavaThread "Cache worker for file hash cache (C:\Users\xiao\.gradle\caches\5.6.4\fileHashes)" [_thread_blocked, id=18628, stack(0x000000001d810000,0x000000001d910000)]
  0x000000001b92a800 JavaThread "Daemon periodic checks" [_thread_blocked, id=16956, stack(0x000000001cb10000,0x000000001cc10000)]
  0x000000001b914000 JavaThread "Incoming local TCP Connector on port 49253" [_thread_in_native, id=18664, stack(0x000000001c960000,0x000000001ca60000)]
  0x000000001b870800 JavaThread "Daemon health stats" [_thread_blocked, id=9616, stack(0x000000001c660000,0x000000001c760000)]
  0x00000000183f6000 JavaThread "Service Thread" daemon [_thread_blocked, id=18404, stack(0x0000000019cc0000,0x0000000019dc0000)]
  0x00000000183ea000 JavaThread "C1 CompilerThread3" daemon [_thread_blocked, id=8972, stack(0x0000000019bc0000,0x0000000019cc0000)]
  0x00000000183e9000 JavaThread "C2 CompilerThread2" daemon [_thread_blocked, id=16400, stack(0x0000000019ac0000,0x0000000019bc0000)]
  0x00000000183db000 JavaThread "C2 CompilerThread1" daemon [_thread_blocked, id=18944, stack(0x00000000199c0000,0x0000000019ac0000)]
=>0x00000000183d5800 JavaThread "C2 CompilerThread0" daemon [_thread_in_native, id=7280, stack(0x00000000198c0000,0x00000000199c0000)]
  0x00000000183d4000 JavaThread "Attach Listener" daemon [_thread_blocked, id=600, stack(0x00000000197c0000,0x00000000198c0000)]
  0x00000000183d1000 JavaThread "Signal Dispatcher" daemon [_thread_blocked, id=17848, stack(0x00000000196c0000,0x00000000197c0000)]
  0x0000000002cbb000 JavaThread "Finalizer" daemon [_thread_blocked, id=10260, stack(0x00000000195c0000,0x00000000196c0000)]
  0x0000000002cb9000 JavaThread "Reference Handler" daemon [_thread_blocked, id=17980, stack(0x00000000194c0000,0x00000000195c0000)]
  0x0000000002bc2800 JavaThread "main" [_thread_blocked, id=6620, stack(0x0000000002ac0000,0x0000000002bc0000)]

Other Threads:
  0x0000000016c76000 VMThread [stack: 0x00000000193c0000,0x00000000194c0000] [id=9632]
  0x000000001849b800 WatcherThread [stack: 0x0000000019dc0000,0x0000000019ec0000] [id=9812]

VM state:not at safepoint (normal execution)

VM Mutex/Monitor currently owned by a thread: None

Heap:
 PSYoungGen      total 304640K, used 232909K [0x00000000e0000000, 0x00000000f4c00000, 0x0000000100000000)
  eden space 280576K, 74% used [0x00000000e0000000,0x00000000ecbf8650,0x00000000f1200000)
  from space 24064K, 99% used [0x00000000f1700000,0x00000000f2e7b080,0x00000000f2e80000)
  to   space 29696K, 0% used [0x00000000f2f00000,0x00000000f2f00000,0x00000000f4c00000)
 ParOldGen       total 308224K, used 42638K [0x00000000a0000000, 0x00000000b2d00000, 0x00000000e0000000)
  object space 308224K, 13% used [0x00000000a0000000,0x00000000a29a38c8,0x00000000b2d00000)
 Metaspace       used 78118K, capacity 82212K, committed 82392K, reserved 1120256K
  class space    used 10697K, capacity 11465K, committed 11480K, reserved 1048576K

Card table byte_map: [0x0000000012080000,0x0000000012390000] byte_map_base: 0x0000000011b80000

Marking Bits: (ParMarkBitMap*) 0x0000000050823e30
 Begin Bits: [0x0000000012f90000, 0x0000000014790000)
 End Bits:   [0x0000000014790000, 0x0000000015f90000)

Polling page: 0x00000000005d0000

CodeCache: size=245760Kb used=31841Kb max_used=32081Kb free=213918Kb
 bounds [0x0000000002cc0000, 0x0000000004c40000, 0x0000000011cc0000]
 total_blobs=11066 nmethods=10213 adapters=764
 compilation: enabled

Compilation events (10 events):
Event: 322.533 Thread 0x00000000183d5800 nmethod 12053 0x000000000367dc90 code [0x000000000367ddc0, 0x000000000367de98]
Event: 324.960 Thread 0x00000000183db000 12054       4       java.util.concurrent.ConcurrentLinkedQueue::poll (85 bytes)
Event: 324.965 Thread 0x00000000183db000 nmethod 12054 0x0000000002f7c690 code [0x0000000002f7c7e0, 0x0000000002f7c958]
Event: 325.792 Thread 0x00000000183e9000 12055       4       sun.nio.cs.ext.DoubleByte$Encoder::encodeLoop (28 bytes)
Event: 325.795 Thread 0x00000000183e9000 nmethod 12055 0x00000000031de090 code [0x00000000031de1e0, 0x00000000031de308]
Event: 325.818 Thread 0x00000000183ea000 12056       3       kotlin.reflect.jvm.internal.KDeclarationContainerImpl::<init> (5 bytes)
Event: 325.818 Thread 0x00000000183ea000 nmethod 12056 0x000000000375dcd0 code [0x000000000375de20, 0x000000000375dfd0]
Event: 327.061 Thread 0x00000000183ea000 12057       3       org.gradle.internal.logging.text.AbstractLineChoppingStyledTextOutput$1::execute (9 bytes)
Event: 327.061 Thread 0x00000000183ea000 nmethod 12057 0x00000000035fb9d0 code [0x00000000035fbb40, 0x00000000035fbda8]
Event: 327.064 Thread 0x00000000183d5800 12058   !   4       sun.nio.ch.IOUtil::write (142 bytes)

GC Heap History (10 events):
Event: 4.662 GC heap before
{Heap before GC invocations=8 (full 2):
 PSYoungGen      total 174080K, used 160768K [0x00000000e0000000, 0x00000000ee580000, 0x0000000100000000)
  eden space 160768K, 100% used [0x00000000e0000000,0x00000000e9d00000,0x00000000e9d00000)
  from space 13312K, 0% used [0x00000000e9d00000,0x00000000e9d00000,0x00000000eaa00000)
  to   space 14336K, 0% used [0x00000000ed780000,0x00000000ed780000,0x00000000ee580000)
 ParOldGen       total 206336K, used 20064K [0x00000000a0000000, 0x00000000ac980000, 0x00000000e0000000)
  object space 206336K, 9% used [0x00000000a0000000,0x00000000a13982d8,0x00000000ac980000)
 Metaspace       used 48745K, capacity 50284K, committed 50648K, reserved 1093632K
  class space    used 6666K, capacity 7033K, committed 7128K, reserved 1048576K
Event: 4.675 GC heap after
Heap after GC invocations=8 (full 2):
 PSYoungGen      total 216064K, used 14333K [0x00000000e0000000, 0x00000000f0300000, 0x0000000100000000)
  eden space 201728K, 0% used [0x00000000e0000000,0x00000000e0000000,0x00000000ec500000)
  from space 14336K, 99% used [0x00000000ed780000,0x00000000ee57f420,0x00000000ee580000)
  to   space 18944K, 0% used [0x00000000ec500000,0x00000000ec500000,0x00000000ed780000)
 ParOldGen       total 206336K, used 25525K [0x00000000a0000000, 0x00000000ac980000, 0x00000000e0000000)
  object space 206336K, 12% used [0x00000000a0000000,0x00000000a18ed410,0x00000000ac980000)
 Metaspace       used 48745K, capacity 50284K, committed 50648K, reserved 1093632K
  class space    used 6666K, capacity 7033K, committed 7128K, reserved 1048576K
}
Event: 5.396 GC heap before
{Heap before GC invocations=9 (full 2):
 PSYoungGen      total 216064K, used 123400K [0x00000000e0000000, 0x00000000f0300000, 0x0000000100000000)
  eden space 201728K, 54% used [0x00000000e0000000,0x00000000e6a82c98,0x00000000ec500000)
  from space 14336K, 99% used [0x00000000ed780000,0x00000000ee57f420,0x00000000ee580000)
  to   space 18944K, 0% used [0x00000000ec500000,0x00000000ec500000,0x00000000ed780000)
 ParOldGen       total 206336K, used 25525K [0x00000000a0000000, 0x00000000ac980000, 0x00000000e0000000)
  object space 206336K, 12% used [0x00000000a0000000,0x00000000a18ed410,0x00000000ac980000)
 Metaspace       used 56840K, capacity 58826K, committed 58968K, reserved 1099776K
  class space    used 7984K, capacity 8428K, committed 8536K, reserved 1048576K
Event: 5.410 GC heap after
Heap after GC invocations=9 (full 2):
 PSYoungGen      total 220672K, used 18914K [0x00000000e0000000, 0x00000000f4900000, 0x0000000100000000)
  eden space 201728K, 0% used [0x00000000e0000000,0x00000000e0000000,0x00000000ec500000)
  from space 18944K, 99% used [0x00000000ec500000,0x00000000ed778bd0,0x00000000ed780000)
  to   space 22528K, 0% used [0x00000000f3300000,0x00000000f3300000,0x00000000f4900000)
 ParOldGen       total 206336K, used 27880K [0x00000000a0000000, 0x00000000ac980000, 0x00000000e0000000)
  object space 206336K, 13% used [0x00000000a0000000,0x00000000a1b3a148,0x00000000ac980000)
 Metaspace       used 56840K, capacity 58826K, committed 58968K, reserved 1099776K
  class space    used 7984K, capacity 8428K, committed 8536K, reserved 1048576K
}
Event: 5.410 GC heap before
{Heap before GC invocations=10 (full 3):
 PSYoungGen      total 220672K, used 18914K [0x00000000e0000000, 0x00000000f4900000, 0x0000000100000000)
  eden space 201728K, 0% used [0x00000000e0000000,0x00000000e0000000,0x00000000ec500000)
  from space 18944K, 99% used [0x00000000ec500000,0x00000000ed778bd0,0x00000000ed780000)
  to   space 22528K, 0% used [0x00000000f3300000,0x00000000f3300000,0x00000000f4900000)
 ParOldGen       total 206336K, used 27880K [0x00000000a0000000, 0x00000000ac980000, 0x00000000e0000000)
  object space 206336K, 13% used [0x00000000a0000000,0x00000000a1b3a148,0x00000000ac980000)
 Metaspace       used 56840K, capacity 58826K, committed 58968K, reserved 1099776K
  class space    used 7984K, capacity 8428K, committed 8536K, reserved 1048576K
Event: 5.579 GC heap after
Heap after GC invocations=10 (full 3):
 PSYoungGen      total 220672K, used 0K [0x00000000e0000000, 0x00000000f4900000, 0x0000000100000000)
  eden space 201728K, 0% used [0x00000000e0000000,0x00000000e0000000,0x00000000ec500000)
  from space 18944K, 0% used [0x00000000ec500000,0x00000000ec500000,0x00000000ed780000)
  to   space 22528K, 0% used [0x00000000f3300000,0x00000000f3300000,0x00000000f4900000)
 ParOldGen       total 308224K, used 35480K [0x00000000a0000000, 0x00000000b2d00000, 0x00000000e0000000)
  object space 308224K, 11% used [0x00000000a0000000,0x00000000a22a6198,0x00000000b2d00000)
 Metaspace       used 56783K, capacity 58634K, committed 58968K, reserved 1099776K
  class space    used 7966K, capacity 8396K, committed 8536K, reserved 1048576K
}
Event: 6.699 GC heap before
{Heap before GC invocations=11 (full 3):
 PSYoungGen      total 220672K, used 201728K [0x00000000e0000000, 0x00000000f4900000, 0x0000000100000000)
  eden space 201728K, 100% used [0x00000000e0000000,0x00000000ec500000,0x00000000ec500000)
  from space 18944K, 0% used [0x00000000ec500000,0x00000000ec500000,0x00000000ed780000)
  to   space 22528K, 0% used [0x00000000f3300000,0x00000000f3300000,0x00000000f4900000)
 ParOldGen       total 308224K, used 35480K [0x00000000a0000000, 0x00000000b2d00000, 0x00000000e0000000)
  object space 308224K, 11% used [0x00000000a0000000,0x00000000a22a6198,0x00000000b2d00000)
 Metaspace       used 64998K, capacity 68252K, committed 68568K, reserved 1107968K
  class space    used 9206K, capacity 9863K, committed 9944K, reserved 1048576K
Event: 6.711 GC heap after
Heap after GC invocations=11 (full 3):
 PSYoungGen      total 270336K, used 19450K [0x00000000e0000000, 0x00000000f4600000, 0x0000000100000000)
  eden space 250880K, 0% used [0x00000000e0000000,0x00000000e0000000,0x00000000ef500000)
  from space 19456K, 99% used [0x00000000f3300000,0x00000000f45fea88,0x00000000f4600000)
  to   space 24064K, 0% used [0x00000000f1700000,0x00000000f1700000,0x00000000f2e80000)
 ParOldGen       total 308224K, used 35488K [0x00000000a0000000, 0x00000000b2d00000, 0x00000000e0000000)
  object space 308224K, 11% used [0x00000000a0000000,0x00000000a22a8198,0x00000000b2d00000)
 Metaspace       used 64998K, capacity 68252K, committed 68568K, reserved 1107968K
  class space    used 9206K, capacity 9863K, committed 9944K, reserved 1048576K
}
Event: 160.307 GC heap before
{Heap before GC invocations=12 (full 3):
 PSYoungGen      total 270336K, used 270330K [0x00000000e0000000, 0x00000000f4600000, 0x0000000100000000)
  eden space 250880K, 100% used [0x00000000e0000000,0x00000000ef500000,0x00000000ef500000)
  from space 19456K, 99% used [0x00000000f3300000,0x00000000f45fea88,0x00000000f4600000)
  to   space 24064K, 0% used [0x00000000f1700000,0x00000000f1700000,0x00000000f2e80000)
 ParOldGen       total 308224K, used 35488K [0x00000000a0000000, 0x00000000b2d00000, 0x00000000e0000000)
  object space 308224K, 11% used [0x00000000a0000000,0x00000000a22a8198,0x00000000b2d00000)
 Metaspace       used 73879K, capacity 77638K, committed 77784K, reserved 1116160K
  class space    used 10188K, capacity 10886K, committed 10968K, reserved 1048576K
Event: 160.328 GC heap after
Heap after GC invocations=12 (full 3):
 PSYoungGen      total 304640K, used 24044K [0x00000000e0000000, 0x00000000f4c00000, 0x0000000100000000)
  eden space 280576K, 0% used [0x00000000e0000000,0x00000000e0000000,0x00000000f1200000)
  from space 24064K, 99% used [0x00000000f1700000,0x00000000f2e7b080,0x00000000f2e80000)
  to   space 29696K, 0% used [0x00000000f2f00000,0x00000000f2f00000,0x00000000f4c00000)
 ParOldGen       total 308224K, used 42638K [0x00000000a0000000, 0x00000000b2d00000, 0x00000000e0000000)
  object space 308224K, 13% used [0x00000000a0000000,0x00000000a29a38c8,0x00000000b2d00000)
 Metaspace       used 73879K, capacity 77638K, committed 77784K, reserved 1116160K
  class space    used 10188K, capacity 10886K, committed 10968K, reserved 1048576K
}

Deoptimization events (10 events):
Event: 319.347 Thread 0x000000001bcb6000 Uncommon trap: reason=class_check action=maybe_recompile pc=0x00000000032e7ed8 method=java.util.regex.Matcher.search(I)Z @ 86
Event: 319.355 Thread 0x000000001bcb6000 Uncommon trap: reason=class_check action=maybe_recompile pc=0x0000000004900be0 method=java.lang.reflect.Array.newInstance(Ljava/lang/Class;I)Ljava/lang/Object; @ 2
Event: 319.355 Thread 0x000000001bcb6000 Uncommon trap: reason=bimorphic action=maybe_recompile pc=0x000000000330b644 method=java.io.DataOutputStream.writeShort(I)V @ 12
Event: 319.365 Thread 0x0000000028c83800 Uncommon trap: reason=class_check action=maybe_recompile pc=0x0000000002e5616c method=java.lang.ThreadLocal.set(Ljava/lang/Object;)V @ 26
Event: 319.366 Thread 0x0000000028c83800 Uncommon trap: reason=class_check action=maybe_recompile pc=0x0000000004900be0 method=java.lang.reflect.Array.newInstance(Ljava/lang/Class;I)Ljava/lang/Object; @ 2
Event: 319.366 Thread 0x0000000028c83800 Uncommon trap: reason=bimorphic action=maybe_recompile pc=0x00000000039f35b0 method=java.util.Hashtable.get(Ljava/lang/Object;)Ljava/lang/Object; @ 6
Event: 319.367 Thread 0x0000000028c83800 Uncommon trap: reason=bimorphic action=maybe_recompile pc=0x00000000039f35b0 method=java.util.Hashtable.get(Ljava/lang/Object;)Ljava/lang/Object; @ 6
Event: 319.753 Thread 0x000000001bcb6000 Uncommon trap: reason=unstable_if action=reinterpret pc=0x000000000439192c method=org.gradle.internal.logging.text.AbstractLineChoppingStyledTextOutput$2.execute(Lorg/gradle/internal/logging/text/AbstractLineChoppingStyledTextOutput$StateContext;)V @ 30
Event: 319.756 Thread 0x000000001c3e1800 Uncommon trap: reason=unstable_if action=reinterpret pc=0x00000000038468dc method=com.esotericsoftware.kryo.io.Output.writeUtf8Length(I)V @ 42
Event: 325.791 Thread 0x000000001bcb6000 Uncommon trap: reason=unstable_if action=reinterpret pc=0x00000000030c7fcc method=org.gradle.internal.logging.text.AbstractLineChoppingStyledTextOutput$2.execute(Lorg/gradle/internal/logging/text/AbstractLineChoppingStyledTextOutput$StateContext;)V @ 30

Classes redefined (0 events):
No events

Internal exceptions (10 events):
Event: 319.242 Thread 0x0000000028c78800 Exception <a 'sun/nio/fs/WindowsException'> (0x00000000eb35bcd8) thrown at [C:\re\workspace\8-2-build-windows-amd64-cygwin\jdk8u191\11896\hotspot\src\share\vm\prims\jni.cpp, line 709]
Event: 319.243 Thread 0x0000000028c78800 Exception <a 'sun/nio/fs/WindowsException'> (0x00000000eb35c5d8) thrown at [C:\re\workspace\8-2-build-windows-amd64-cygwin\jdk8u191\11896\hotspot\src\share\vm\prims\jni.cpp, line 709]
Event: 319.355 Thread 0x0000000028c77800 Exception <a 'java/lang/InterruptedException'> (0x00000000ec59f1d8) thrown at [C:\re\workspace\8-2-build-windows-amd64-cygwin\jdk8u191\11896\hotspot\src\share\vm\runtime\objectMonitor.cpp, line 1684]
Event: 319.750 Thread 0x000000001bcb6000 Exception <a 'sun/net/ConnectionResetException': > (0x00000000ec805378) thrown at [C:\re\workspace\8-2-build-windows-amd64-cygwin\jdk8u191\11896\hotspot\src\share\vm\prims\jni.cpp, line 735]
Event: 319.750 Thread 0x0000000028c83800 Exception <a 'sun/net/ConnectionResetException': > (0x00000000ec826238) thrown at [C:\re\workspace\8-2-build-windows-amd64-cygwin\jdk8u191\11896\hotspot\src\share\vm\prims\jni.cpp, line 735]
Event: 319.750 Thread 0x000000001bcb6000 Exception <a 'sun/net/ConnectionResetException': > (0x00000000ec805b60) thrown at [C:\re\workspace\8-2-build-windows-amd64-cygwin\jdk8u191\11896\hotspot\src\share\vm\prims\jni.cpp, line 735]
Event: 319.750 Thread 0x0000000028c83800 Exception <a 'sun/net/ConnectionResetException': > (0x00000000ec826468) thrown at [C:\re\workspace\8-2-build-windows-amd64-cygwin\jdk8u191\11896\hotspot\src\share\vm\prims\jni.cpp, line 735]
Event: 321.760 Thread 0x000000001bcb6000 Exception <a 'java/net/ConnectException': Connection refused: connect> (0x00000000ec8935c0) thrown at [C:\re\workspace\8-2-build-windows-amd64-cygwin\jdk8u191\11896\hotspot\src\share\vm\prims\jni.cpp, line 735]
Event: 323.773 Thread 0x000000001bcb6000 Exception <a 'java/net/ConnectException': Connection refused: connect> (0x00000000ec894470) thrown at [C:\re\workspace\8-2-build-windows-amd64-cygwin\jdk8u191\11896\hotspot\src\share\vm\prims\jni.cpp, line 735]
Event: 325.791 Thread 0x000000001bcb6000 Exception <a 'java/net/ConnectException': Connection refused: connect> (0x00000000ec895320) thrown at [C:\re\workspace\8-2-build-windows-amd64-cygwin\jdk8u191\11896\hotspot\src\share\vm\prims\jni.cpp, line 735]

Events (10 events):
Event: 325.834 loading class kotlin/concurrent/ThreadsKt$thread$thread$1 done
Event: 325.834 Thread 0x0000000028c82000 Thread added: 0x0000000028c82000
Event: 325.834 loading class org/jetbrains/kotlin/compilerRunner/ReportUtilsKt$runToolInSeparateProcess$1
Event: 325.834 loading class org/jetbrains/kotlin/compilerRunner/ReportUtilsKt$runToolInSeparateProcess$1 done
Event: 325.835 loading class kotlin/io/LinesSequence
Event: 325.835 loading class kotlin/io/LinesSequence done
Event: 325.835 loading class kotlin/io/LinesSequence$iterator$1
Event: 325.835 loading class kotlin/io/LinesSequence$iterator$1 done
Event: 325.835 loading class org/jetbrains/kotlin/compilerRunner/ReportUtilsKt$runToolInSeparateProcess$readErrThread$1$1
Event: 325.835 loading class org/jetbrains/kotlin/compilerRunner/ReportUtilsKt$runToolInSeparateProcess$readErrThread$1$1 done


Dynamic libraries:
0x00007ff62a190000 - 0x00007ff62a1c7000 	C:\Program Files\Java\jdk1.8.0_191\bin\java.exe
0x00007ff908100000 - 0x00007ff9082f0000 	C:\Windows\SYSTEM32\ntdll.dll
0x00007ff9061b0000 - 0x00007ff906262000 	C:\Windows\System32\KERNEL32.DLL
0x00007ff905100000 - 0x00007ff9053a4000 	C:\Windows\System32\KERNELBASE.dll
0x00007ff907290000 - 0x00007ff907333000 	C:\Windows\System32\ADVAPI32.dll
0x00007ff9073d0000 - 0x00007ff90746e000 	C:\Windows\System32\msvcrt.dll
0x00007ff906960000 - 0x00007ff9069f7000 	C:\Windows\System32\sechost.dll
0x00007ff9074e0000 - 0x00007ff907600000 	C:\Windows\System32\RPCRT4.dll
0x00007ff907a30000 - 0x00007ff907bc5000 	C:\Windows\System32\USER32.dll
0x00007ff905c50000 - 0x00007ff905c71000 	C:\Windows\System32\win32u.dll
0x00007ff906ac0000 - 0x00007ff906ae6000 	C:\Windows\System32\GDI32.dll
0x00007ff905d00000 - 0x00007ff905e96000 	C:\Windows\System32\gdi32full.dll
0x00007ff905ec0000 - 0x00007ff905f5e000 	C:\Windows\System32\msvcp_win.dll
0x00007ff905f60000 - 0x00007ff90605a000 	C:\Windows\System32\ucrtbase.dll
0x00007ff8ec830000 - 0x00007ff8ecab4000 	C:\Windows\WinSxS\amd64_microsoft.windows.common-controls_6595b64144ccf1df_6.0.18362.1016_none_9e7a36bbe461dae4\COMCTL32.dll
0x00007ff907d00000 - 0x00007ff908035000 	C:\Windows\System32\combase.dll
0x00007ff905c80000 - 0x00007ff905d00000 	C:\Windows\System32\bcryptPrimitives.dll
0x00007ff907340000 - 0x00007ff90736e000 	C:\Windows\System32\IMM32.DLL
0x00000000508b0000 - 0x0000000050982000 	C:\Program Files\Java\jdk1.8.0_191\jre\bin\msvcr100.dll
0x0000000050000000 - 0x00000000508a4000 	C:\Program Files\Java\jdk1.8.0_191\jre\bin\server\jvm.dll
0x00007ff907820000 - 0x00007ff907828000 	C:\Windows\System32\PSAPI.DLL
0x00007ff8f9020000 - 0x00007ff8f9044000 	C:\Windows\SYSTEM32\WINMM.dll
0x00007ff8e8bf0000 - 0x00007ff8e8bf9000 	C:\Windows\SYSTEM32\WSOCK32.dll
0x00007ff8fb410000 - 0x00007ff8fb41a000 	C:\Windows\SYSTEM32\VERSION.dll
0x00007ff906c30000 - 0x00007ff906c9f000 	C:\Windows\System32\WS2_32.dll
0x00007ff8f8ff0000 - 0x00007ff8f901d000 	C:\Windows\SYSTEM32\WINMMBASE.dll
0x00007ff9050b0000 - 0x00007ff9050fa000 	C:\Windows\System32\cfgmgr32.dll
0x0000000077ff0000 - 0x0000000077fff000 	C:\Program Files\Java\jdk1.8.0_191\jre\bin\verify.dll
0x0000000077fc0000 - 0x0000000077fe9000 	C:\Program Files\Java\jdk1.8.0_191\jre\bin\java.dll
0x0000000077fa0000 - 0x0000000077fb6000 	C:\Program Files\Java\jdk1.8.0_191\jre\bin\zip.dll
0x00007ff906270000 - 0x00007ff906957000 	C:\Windows\System32\SHELL32.dll
0x00007ff906a00000 - 0x00007ff906aa9000 	C:\Windows\System32\shcore.dll
0x00007ff9053b0000 - 0x00007ff905b32000 	C:\Windows\System32\windows.storage.dll
0x00007ff904fe0000 - 0x00007ff905003000 	C:\Windows\System32\profapi.dll
0x00007ff905030000 - 0x00007ff90507a000 	C:\Windows\System32\powrprof.dll
0x00007ff904fb0000 - 0x00007ff904fc0000 	C:\Windows\System32\UMPDC.dll
0x00007ff907600000 - 0x00007ff907652000 	C:\Windows\System32\shlwapi.dll
0x00007ff904fc0000 - 0x00007ff904fd1000 	C:\Windows\System32\kernel.appcore.dll
0x00007ff905ea0000 - 0x00007ff905eb7000 	C:\Windows\System32\cryptsp.dll
0x0000000077f80000 - 0x0000000077f9a000 	C:\Program Files\Java\jdk1.8.0_191\jre\bin\net.dll
0x00007ff904810000 - 0x00007ff904877000 	C:\Windows\system32\mswsock.dll
0x0000000077f60000 - 0x0000000077f71000 	C:\Program Files\Java\jdk1.8.0_191\jre\bin\nio.dll
0x00007ff8de0c0000 - 0x00007ff8de0e6000 	C:\Users\xiao\.gradle\native\30\windows-amd64\native-platform.dll
0x0000000077f50000 - 0x0000000077f5d000 	C:\Program Files\Java\jdk1.8.0_191\jre\bin\management.dll
0x00007ff904380000 - 0x00007ff9043b3000 	C:\Windows\system32\rsaenh.dll
0x00007ff905080000 - 0x00007ff9050a6000 	C:\Windows\System32\bcrypt.dll
0x00007ff904ed0000 - 0x00007ff904ef5000 	C:\Windows\SYSTEM32\USERENV.dll
0x00007ff9049e0000 - 0x00007ff9049ec000 	C:\Windows\SYSTEM32\CRYPTBASE.dll
0x00007ff904520000 - 0x00007ff90455a000 	C:\Windows\SYSTEM32\IPHLPAPI.DLL
0x00007ff906ab0000 - 0x00007ff906ab8000 	C:\Windows\System32\NSI.dll
0x00007ff8fd250000 - 0x00007ff8fd266000 	C:\Windows\SYSTEM32\dhcpcsvc6.DLL
0x00007ff8fce40000 - 0x00007ff8fce5c000 	C:\Windows\SYSTEM32\dhcpcsvc.DLL
0x00007ff904560000 - 0x00007ff90462b000 	C:\Windows\SYSTEM32\DNSAPI.dll
0x00007ff8f9640000 - 0x00007ff8f965e000 	C:\Users\xiao\AppData\Local\Temp\native-platform8067192797537588237dir\native-platform.dll

VM Arguments:
jvm_args: -Xmx1536m -Dfile.encoding=GBK -Duser.country=CN -Duser.language=zh -Duser.variant 
java_command: org.gradle.launcher.daemon.bootstrap.GradleDaemon 5.6.4
java_class_path (initial): C:\Users\xiao\.gradle\wrapper\dists\gradle-5.6.4-all\ankdp27end7byghfw1q2sw75f\gradle-5.6.4\lib\gradle-launcher-5.6.4.jar
Launcher Type: SUN_STANDARD

Environment Variables:
CLASSPATH=.;C:\Program Files\Java\jdk1.8.0_191\lib\dt.jar;C:\Program Files\Java\jdk1.8.0_191\lib\tools.jar
PATH=C:\ProgramData\Oracle\Java\javapath;C:\Program Files (x86)\Common Files\Oracle\Java\javapath;C:\Windows\system32;C:\Windows;C:\Windows\System32\Wbem;C:\Windows\System32\WindowsPowerShell\v1.0\;C:\Windows\System32\OpenSSH\;C:\Program Files\Intel\WiFi\bin\;C:\Program Files\Common Files\Intel\WirelessCommon\;C:\Program Files (x86)\NVIDIA Corporation\PhysX\Common;C:\Program Files\NVIDIA Corporation\NVIDIA NGX;C:\Program Files\NVIDIA Corporation\NVIDIA NvDLISR;C:\Windows\system32;C:\Windows;C:\Windows\System32\Wbem;C:\Windows\System32\WindowsPowerShell\v1.0\;C:\Windows\System32\OpenSSH\;C:\Program Files\Java\jdk1.8.0_191\bin;C:\Program Files\Microsoft SQL Server\Client SDK\ODBC\110\Tools\Binn\;C:\Program Files (x86)\Microsoft SQL Server\120\Tools\Binn\;C:\Program Files\Microsoft SQL Server\120\Tools\Binn\;C:\Program Files\Microsoft SQL Server\120\DTS\Binn\;C:\Program Files (x86)\Microsoft SQL Server\120\Tools\Binn\ManagementStudio\;C:\Program Files (x86)\Microsoft SQL Server\120\DTS\Binn\;E:\Android Studio°²×¿¿ª·¢\Git\cmd;E:\apache-maven-3.6.1\bin;C:\Program Files (x86)\Intel\Intel(R) Management Engine Components\DAL;C:\Program Files\Intel\Intel(R) Management Engine Components\DAL;C:\Users\xiao\AppData\Local\Microsoft\WindowsApps;D:\Bandizip\
USERNAME=xiao
OS=Windows_NT
PROCESSOR_IDENTIFIER=Intel64 Family 6 Model 158 Stepping 10, GenuineIntel



---------------  S Y S T E M  ---------------

OS: Windows 10.0 , 64 bit Build 18362 (10.0.18362.959)

CPU:total 12 (initial active 12) (6 cores per cpu, 2 threads per core) family 6 model 158 stepping 10, cmov, cx8, fxsr, mmx, sse, sse2, sse3, ssse3, sse4.1, sse4.2, popcnt, avx, avx2, aes, clmul, erms, 3dnowpref, lzcnt, ht, tsc, tscinvbit, bmi1, bmi2, adx

Memory: 4k page, physical 20807812k(6334664k free), swap 20807812k(5124k free)

vm_info: Java HotSpot(TM) 64-Bit Server VM (25.191-b12) for windows-amd64 JRE (1.8.0_191-b12), built on Oct  6 2018 09:29:03 by "java_re" with MS VC++ 10.0 (VS2010)

time: Thu Oct 22 22:53:20 2020
elapsed time: 327 seconds (0d 0h 5m 27s)

